2022-03-30 17:07:36,403 DEBUG logging.InternalLoggerFactory [main] Using Log4J2 as the default logging framework
2022-03-30 17:07:36,403 DEBUG util.ResourceLeakDetector [main] -Dio.netty.leakDetection.level: simple
2022-03-30 17:07:36,403 DEBUG util.ResourceLeakDetector [main] -Dio.netty.leakDetection.targetRecords: 4
2022-03-30 17:07:36,403 DEBUG util.ResourceLeakDetectorFactory [main] Loaded default ResourceLeakDetector: io.netty.util.ResourceLeakDetector@24fb6a80
2022-03-30 17:07:36,418 DEBUG internal.PlatformDependent0 [main] -Dio.netty.noUnsafe: false
2022-03-30 17:07:36,418 DEBUG internal.PlatformDependent0 [main] Java version: 8
2022-03-30 17:07:36,428 DEBUG internal.PlatformDependent0 [main] sun.misc.Unsafe.theUnsafe: available
2022-03-30 17:07:36,428 DEBUG internal.PlatformDependent0 [main] sun.misc.Unsafe.copyMemory: available
2022-03-30 17:07:36,428 DEBUG internal.PlatformDependent0 [main] java.nio.Buffer.address: available
2022-03-30 17:07:36,428 DEBUG internal.PlatformDependent0 [main] direct buffer constructor: available
2022-03-30 17:07:36,428 DEBUG internal.PlatformDependent0 [main] java.nio.Bits.unaligned: available, true
2022-03-30 17:07:36,428 DEBUG internal.PlatformDependent0 [main] jdk.internal.misc.Unsafe.allocateUninitializedArray(int): unavailable prior to Java9
2022-03-30 17:07:36,428 DEBUG internal.PlatformDependent0 [main] java.nio.DirectByteBuffer.<init>(long, int): available
2022-03-30 17:07:36,428 DEBUG internal.PlatformDependent [main] sun.misc.Unsafe: available
2022-03-30 17:07:36,428 DEBUG internal.PlatformDependent [main] -Dio.netty.tmpdir: C:\Users\DMITRY~1\AppData\Local\Temp (java.io.tmpdir)
2022-03-30 17:07:36,428 DEBUG internal.PlatformDependent [main] -Dio.netty.bitMode: 64 (sun.arch.data.model)
2022-03-30 17:07:36,428 DEBUG internal.PlatformDependent [main] Platform: Windows
2022-03-30 17:07:36,428 DEBUG internal.PlatformDependent [main] -Dio.netty.maxDirectMemory: 7538737152 bytes
2022-03-30 17:07:36,428 DEBUG internal.PlatformDependent [main] -Dio.netty.uninitializedArrayAllocationThreshold: -1
2022-03-30 17:07:36,428 DEBUG internal.CleanerJava6 [main] java.nio.ByteBuffer.cleaner(): available
2022-03-30 17:07:36,428 DEBUG internal.PlatformDependent [main] -Dio.netty.noPreferDirect: false
2022-03-30 17:07:36,428 DEBUG internal.PlatformDependent [main] org.jctools-core.MpscChunkedArrayQueue: available
2022-03-30 17:07:36,444 DEBUG internal.InternalThreadLocalMap [main] -Dio.netty.threadLocalMap.stringBuilder.initialSize: 1024
2022-03-30 17:07:36,444 DEBUG internal.InternalThreadLocalMap [main] -Dio.netty.threadLocalMap.stringBuilder.maxSize: 4096
2022-03-30 17:07:36,460 DEBUG ssl.JdkSslContext [main] Default protocols (JDK): [TLSv1.2, TLSv1.1, TLSv1] 
2022-03-30 17:07:36,460 DEBUG ssl.JdkSslContext [main] Default cipher suites (JDK): [TLS_ECDHE_ECDSA_WITH_AES_256_GCM_SHA384, TLS_ECDHE_ECDSA_WITH_AES_128_GCM_SHA256, TLS_ECDHE_RSA_WITH_AES_128_GCM_SHA256, TLS_ECDHE_RSA_WITH_AES_256_GCM_SHA384, TLS_ECDHE_RSA_WITH_AES_128_CBC_SHA, TLS_ECDHE_RSA_WITH_AES_256_CBC_SHA, TLS_RSA_WITH_AES_128_GCM_SHA256, TLS_RSA_WITH_AES_128_CBC_SHA, TLS_RSA_WITH_AES_256_CBC_SHA]
2022-03-30 17:07:36,472 DEBUG channel.MultithreadEventLoopGroup [main] -Dio.netty.eventLoopThreads: 16
2022-03-30 17:07:36,487 DEBUG nio.NioEventLoop [main] -Dio.netty.noKeySetOptimization: false
2022-03-30 17:07:36,487 DEBUG nio.NioEventLoop [main] -Dio.netty.selectorAutoRebuildThreshold: 512
2022-03-30 17:07:36,487 TRACE nio.NioEventLoop [main] instrumented a special java.util.Set into: sun.nio.ch.WindowsSelectorImpl@780ec4a5
2022-03-30 17:07:36,487 TRACE nio.NioEventLoop [main] instrumented a special java.util.Set into: sun.nio.ch.WindowsSelectorImpl@548e76f1
2022-03-30 17:07:36,487 TRACE nio.NioEventLoop [main] instrumented a special java.util.Set into: sun.nio.ch.WindowsSelectorImpl@5aabbb29
2022-03-30 17:07:36,487 TRACE nio.NioEventLoop [main] instrumented a special java.util.Set into: sun.nio.ch.WindowsSelectorImpl@72c927f1
2022-03-30 17:07:36,503 TRACE nio.NioEventLoop [main] instrumented a special java.util.Set into: sun.nio.ch.WindowsSelectorImpl@1ac85b0c
2022-03-30 17:07:36,503 TRACE nio.NioEventLoop [main] instrumented a special java.util.Set into: sun.nio.ch.WindowsSelectorImpl@3dd69f5a
2022-03-30 17:07:36,503 TRACE nio.NioEventLoop [main] instrumented a special java.util.Set into: sun.nio.ch.WindowsSelectorImpl@3aa3193a
2022-03-30 17:07:36,503 TRACE nio.NioEventLoop [main] instrumented a special java.util.Set into: sun.nio.ch.WindowsSelectorImpl@1ee4730
2022-03-30 17:07:36,503 TRACE nio.NioEventLoop [main] instrumented a special java.util.Set into: sun.nio.ch.WindowsSelectorImpl@59a67c3a
2022-03-30 17:07:36,503 TRACE nio.NioEventLoop [main] instrumented a special java.util.Set into: sun.nio.ch.WindowsSelectorImpl@5003041b
2022-03-30 17:07:36,503 TRACE nio.NioEventLoop [main] instrumented a special java.util.Set into: sun.nio.ch.WindowsSelectorImpl@724bade8
2022-03-30 17:07:36,503 TRACE nio.NioEventLoop [main] instrumented a special java.util.Set into: sun.nio.ch.WindowsSelectorImpl@16fb356
2022-03-30 17:07:36,503 TRACE nio.NioEventLoop [main] instrumented a special java.util.Set into: sun.nio.ch.WindowsSelectorImpl@6bc248ed
2022-03-30 17:07:36,503 TRACE nio.NioEventLoop [main] instrumented a special java.util.Set into: sun.nio.ch.WindowsSelectorImpl@23a9ba52
2022-03-30 17:07:36,503 TRACE nio.NioEventLoop [main] instrumented a special java.util.Set into: sun.nio.ch.WindowsSelectorImpl@ca27722
2022-03-30 17:07:36,503 TRACE nio.NioEventLoop [main] instrumented a special java.util.Set into: sun.nio.ch.WindowsSelectorImpl@70ab80e3
2022-03-30 17:07:36,519 DEBUG buffer.PooledByteBufAllocator [main] -Dio.netty.allocator.numHeapArenas: 16
2022-03-30 17:07:36,519 DEBUG buffer.PooledByteBufAllocator [main] -Dio.netty.allocator.numDirectArenas: 16
2022-03-30 17:07:36,519 DEBUG buffer.PooledByteBufAllocator [main] -Dio.netty.allocator.pageSize: 8192
2022-03-30 17:07:36,519 DEBUG buffer.PooledByteBufAllocator [main] -Dio.netty.allocator.maxOrder: 11
2022-03-30 17:07:36,519 DEBUG buffer.PooledByteBufAllocator [main] -Dio.netty.allocator.chunkSize: 16777216
2022-03-30 17:07:36,519 DEBUG buffer.PooledByteBufAllocator [main] -Dio.netty.allocator.smallCacheSize: 256
2022-03-30 17:07:36,519 DEBUG buffer.PooledByteBufAllocator [main] -Dio.netty.allocator.normalCacheSize: 64
2022-03-30 17:07:36,519 DEBUG buffer.PooledByteBufAllocator [main] -Dio.netty.allocator.maxCachedBufferCapacity: 32768
2022-03-30 17:07:36,519 DEBUG buffer.PooledByteBufAllocator [main] -Dio.netty.allocator.cacheTrimInterval: 8192
2022-03-30 17:07:36,519 DEBUG buffer.PooledByteBufAllocator [main] -Dio.netty.allocator.cacheTrimIntervalMillis: 0
2022-03-30 17:07:36,519 DEBUG buffer.PooledByteBufAllocator [main] -Dio.netty.allocator.useCacheForAllThreads: true
2022-03-30 17:07:36,519 DEBUG buffer.PooledByteBufAllocator [main] -Dio.netty.allocator.maxCachedByteBuffersPerChunk: 1023
2022-03-30 17:07:36,537 DEBUG buffer.ByteBufUtil [main] -Dio.netty.allocator.type: pooled
2022-03-30 17:07:36,537 DEBUG buffer.ByteBufUtil [main] -Dio.netty.threadLocalDirectBufferSize: 0
2022-03-30 17:07:36,537 DEBUG buffer.ByteBufUtil [main] -Dio.netty.maxThreadLocalCharBufferSize: 16384
2022-03-30 17:07:37,221 DEBUG channel.DefaultChannelId [Forwarding newSession on session null to remote] -Dio.netty.processId: 17860 (auto-detected)
2022-03-30 17:07:37,221 DEBUG util.NetUtil [Forwarding newSession on session null to remote] -Djava.net.preferIPv4Stack: false
2022-03-30 17:07:37,221 DEBUG util.NetUtil [Forwarding newSession on session null to remote] -Djava.net.preferIPv6Addresses: false
2022-03-30 17:07:37,290 DEBUG util.NetUtilInitializations [Forwarding newSession on session null to remote] Loopback interface: lo (Software Loopback Interface 1, 127.0.0.1)
2022-03-30 17:07:37,290 DEBUG util.NetUtil [Forwarding newSession on session null to remote] Failed to get SOMAXCONN from sysctl and file \proc\sys\net\core\somaxconn. Default: 200
2022-03-30 17:07:37,374 DEBUG channel.DefaultChannelId [Forwarding newSession on session null to remote] -Dio.netty.machineId: a4:6b:b6:ff:fe:eb:0f:41 (auto-detected)
2022-03-30 17:07:37,405 DEBUG buffer.AbstractByteBuf [AsyncHttpClient-1-2] -Dio.netty.buffer.checkAccessible: true
2022-03-30 17:07:37,405 DEBUG buffer.AbstractByteBuf [AsyncHttpClient-1-2] -Dio.netty.buffer.checkBounds: true
2022-03-30 17:07:37,405 DEBUG util.ResourceLeakDetectorFactory [AsyncHttpClient-1-2] Loaded default ResourceLeakDetector: io.netty.util.ResourceLeakDetector@2694df16
2022-03-30 17:07:37,421 DEBUG util.Recycler [AsyncHttpClient-1-2] -Dio.netty.recycler.maxCapacityPerThread: 4096
2022-03-30 17:07:37,421 DEBUG util.Recycler [AsyncHttpClient-1-2] -Dio.netty.recycler.ratio: 8
2022-03-30 17:07:37,421 DEBUG util.Recycler [AsyncHttpClient-1-2] -Dio.netty.recycler.chunkSize: 32
2022-03-30 17:07:37,421 DEBUG util.Recycler [AsyncHttpClient-1-2] -Dio.netty.recycler.blocking: false
2022-03-30 17:07:37,947 DEBUG compression.Brotli [AsyncHttpClient-1-2] brotli4j not in the classpath; Brotli support will be unavailable.
2022-03-30 17:07:38,017 DEBUG internal.ThreadLocalRandom [main] -Dio.netty.initialSeedUniquifier: 0xc47c098ece9d4d6f
2022-03-30 17:07:42,653 TRACE util.TestLogger [main] Page https://cloud.google.com/ is opened
2022-03-30 17:07:42,909 TRACE util.TestLogger [main] Search with search query Google Cloud Pricing Calculatorwas executed.
2022-03-30 17:07:49,253 TRACE util.TestLogger [main] Page Google Cloud Pricing Calculator is opened
2022-03-30 17:07:49,422 TRACE util.TestLogger [main] Page with calculator is opened
2022-03-30 17:07:49,424 TRACE util.TestLogger [main] numberOfInstance is 4
2022-03-30 17:07:49,471 TRACE util.TestLogger [main] purposeOfUse is 
2022-03-30 17:07:49,548 TRACE util.TestLogger [main] operatingSystem is Free: Debian, CentOS, CoreOS, Ubuntu or BYOL (Bring Your Own License)
2022-03-30 17:07:50,216 TRACE util.TestLogger [main] virtualMachinesClass is Regular
2022-03-30 17:07:50,372 TRACE util.TestLogger [main] serie is N1
2022-03-30 17:07:51,072 TRACE util.TestLogger [main] machineType is n1-standard-8 (vCPUs: 8, RAM: 30GB)
2022-03-30 17:07:51,730 TRACE util.TestLogger [main] committedUsage is 1 Year
2022-03-30 17:07:51,882 TRACE util.TestLogger [main] datacenterLocation is Frankfurt (europe-west3)
2022-03-30 17:07:52,087 TRACE util.TestLogger [main] addGPUType is NVIDIA Tesla P100
2022-03-30 17:07:52,787 TRACE util.TestLogger [main] numberOfGpu is 1
2022-03-30 17:07:52,927 TRACE util.TestLogger [main] localSSD is 2x375
2022-03-30 17:07:53,097 TRACE util.TestLogger [main] Added to estimate.
2022-03-30 17:07:53,241 TRACE util.TestLogger [main] Clicked button to select send email.
2022-03-30 17:07:53,429 TRACE util.TestLogger [main] Compute Engine form filled
2022-03-30 17:07:53,473 TRACE websocketx.WebSocket08FrameEncoder [AsyncHttpClient-1-4] Encoding WebSocket Frame opCode=8 length=26
2022-03-30 17:07:58,961 TRACE util.TestLogger [main] Page https://cloud.google.com/ is opened
2022-03-30 17:07:59,280 TRACE util.TestLogger [main] Search with search query Google Cloud Pricing Calculatorwas executed.
2022-03-30 17:08:05,428 TRACE util.TestLogger [main] Page Google Cloud Pricing Calculator is opened
2022-03-30 17:08:05,686 TRACE util.TestLogger [main] Page with calculator is opened
2022-03-30 17:08:05,686 TRACE util.TestLogger [main] numberOfInstance is 4
2022-03-30 17:08:05,796 TRACE util.TestLogger [main] purposeOfUse is 
2022-03-30 17:08:05,868 TRACE util.TestLogger [main] operatingSystem is Free: Debian, CentOS, CoreOS, Ubuntu or BYOL (Bring Your Own License)
2022-03-30 17:08:06,047 TRACE util.TestLogger [main] virtualMachinesClass is Regular
2022-03-30 17:08:06,222 TRACE util.TestLogger [main] serie is N1
2022-03-30 17:08:06,458 TRACE util.TestLogger [main] machineType is n1-standard-8 (vCPUs: 8, RAM: 30GB)
2022-03-30 17:08:06,670 TRACE util.TestLogger [main] committedUsage is 1 Year
2022-03-30 17:08:06,908 TRACE util.TestLogger [main] datacenterLocation is Frankfurt (europe-west3)
2022-03-30 17:08:07,196 TRACE util.TestLogger [main] addGPUType is NVIDIA Tesla P100
2022-03-30 17:08:07,937 TRACE util.TestLogger [main] numberOfGpu is 1
2022-03-30 17:08:08,595 TRACE util.TestLogger [main] localSSD is 2x375
2022-03-30 17:08:08,802 TRACE util.TestLogger [main] Added to estimate.
2022-03-30 17:08:09,010 TRACE util.TestLogger [main] Clicked button to select send email.
2022-03-30 17:08:09,319 TRACE util.TestLogger [main] Compute Engine form filled
2022-03-30 17:08:11,441 TRACE util.TestLogger [main] Page https://temp-mail.org is opened
2022-03-30 17:08:17,437 TRACE util.TestLogger [main] Temp email address was received on https://temp-mail.org
2022-03-30 17:08:17,646 TRACE util.TestLogger [main] Send Email button was pressed.
2022-03-30 17:08:48,146 TRACE websocketx.WebSocket08FrameEncoder [AsyncHttpClient-1-7] Encoding WebSocket Frame opCode=8 length=26
2022-03-30 17:08:55,758 TRACE util.TestLogger [main] Page https://cloud.google.com/ is opened
2022-03-30 17:08:55,962 TRACE util.TestLogger [main] Search with search query Google Cloud Pricing Calculatorwas executed.
2022-03-30 17:09:02,876 TRACE util.TestLogger [main] Page Google Cloud Pricing Calculator is opened
2022-03-30 17:09:03,054 TRACE util.TestLogger [main] Page with calculator is opened
2022-03-30 17:09:03,055 TRACE util.TestLogger [main] numberOfInstance is 4
2022-03-30 17:09:03,107 TRACE util.TestLogger [main] purposeOfUse is 
2022-03-30 17:09:03,172 TRACE util.TestLogger [main] operatingSystem is Free: Debian, CentOS, CoreOS, Ubuntu or BYOL (Bring Your Own License)
2022-03-30 17:09:03,313 TRACE util.TestLogger [main] virtualMachinesClass is Regular
2022-03-30 17:09:03,985 TRACE util.TestLogger [main] serie is N1
2022-03-30 17:09:04,165 TRACE util.TestLogger [main] machineType is n1-standard-8 (vCPUs: 8, RAM: 30GB)
2022-03-30 17:09:04,355 TRACE util.TestLogger [main] committedUsage is 1 Year
2022-03-30 17:09:04,500 TRACE util.TestLogger [main] datacenterLocation is Frankfurt (europe-west3)
2022-03-30 17:09:04,676 TRACE util.TestLogger [main] addGPUType is NVIDIA Tesla P100
2022-03-30 17:09:04,880 TRACE util.TestLogger [main] numberOfGpu is 1
2022-03-30 17:09:05,044 TRACE util.TestLogger [main] localSSD is 2x375
2022-03-30 17:09:05,679 TRACE util.TestLogger [main] Added to estimate.
2022-03-30 17:09:05,793 TRACE util.TestLogger [main] Clicked button to select send email.
2022-03-30 17:09:05,966 TRACE util.TestLogger [main] Compute Engine form filled
2022-03-30 17:09:06,013 TRACE websocketx.WebSocket08FrameEncoder [AsyncHttpClient-1-10] Encoding WebSocket Frame opCode=8 length=26
2022-03-30 17:09:13,612 TRACE util.TestLogger [main] Page https://cloud.google.com/ is opened
2022-03-30 17:09:13,804 TRACE util.TestLogger [main] Search with search query Google Cloud Pricing Calculatorwas executed.
2022-03-30 17:09:21,106 TRACE util.TestLogger [main] Page Google Cloud Pricing Calculator is opened
2022-03-30 17:09:21,346 TRACE util.TestLogger [main] Page with calculator is opened
2022-03-30 17:09:21,346 TRACE util.TestLogger [main] numberOfInstance is 4
2022-03-30 17:09:21,462 TRACE util.TestLogger [main] purposeOfUse is 
2022-03-30 17:09:21,534 TRACE util.TestLogger [main] operatingSystem is Free: Debian, CentOS, CoreOS, Ubuntu or BYOL (Bring Your Own License)
2022-03-30 17:09:22,211 TRACE util.TestLogger [main] virtualMachinesClass is Regular
2022-03-30 17:09:22,382 TRACE util.TestLogger [main] serie is N1
2022-03-30 17:09:22,607 TRACE util.TestLogger [main] machineType is n1-standard-8 (vCPUs: 8, RAM: 30GB)
2022-03-30 17:09:22,807 TRACE util.TestLogger [main] committedUsage is 1 Year
2022-03-30 17:09:22,983 TRACE util.TestLogger [main] datacenterLocation is Frankfurt (europe-west3)
2022-03-30 17:09:23,192 TRACE util.TestLogger [main] addGPUType is NVIDIA Tesla P100
2022-03-30 17:09:23,909 TRACE util.TestLogger [main] numberOfGpu is 1
2022-03-30 17:09:24,561 TRACE util.TestLogger [main] localSSD is 2x375
2022-03-30 17:09:24,706 TRACE util.TestLogger [main] Added to estimate.
2022-03-30 17:09:24,878 TRACE util.TestLogger [main] Clicked button to select send email.
2022-03-30 17:09:25,116 TRACE util.TestLogger [main] Compute Engine form filled
2022-03-30 17:09:25,151 TRACE websocketx.WebSocket08FrameEncoder [AsyncHttpClient-1-13] Encoding WebSocket Frame opCode=8 length=26
2022-03-30 17:09:32,755 TRACE util.TestLogger [main] Page https://cloud.google.com/ is opened
2022-03-30 17:09:32,944 TRACE util.TestLogger [main] Search with search query Google Cloud Pricing Calculatorwas executed.
2022-03-30 17:09:38,092 TRACE util.TestLogger [main] Page Google Cloud Pricing Calculator is opened
2022-03-30 17:09:38,301 TRACE util.TestLogger [main] Page with calculator is opened
2022-03-30 17:09:38,301 TRACE util.TestLogger [main] numberOfInstance is 4
2022-03-30 17:09:38,374 TRACE util.TestLogger [main] purposeOfUse is 
2022-03-30 17:09:38,465 TRACE util.TestLogger [main] operatingSystem is Free: Debian, CentOS, CoreOS, Ubuntu or BYOL (Bring Your Own License)
2022-03-30 17:09:38,625 TRACE util.TestLogger [main] virtualMachinesClass is Regular
2022-03-30 17:09:38,787 TRACE util.TestLogger [main] serie is N1
2022-03-30 17:09:39,529 TRACE util.TestLogger [main] machineType is n1-standard-8 (vCPUs: 8, RAM: 30GB)
2022-03-30 17:09:39,742 TRACE util.TestLogger [main] committedUsage is 1 Year
2022-03-30 17:09:39,976 TRACE util.TestLogger [main] datacenterLocation is Frankfurt (europe-west3)
2022-03-30 17:09:40,274 TRACE util.TestLogger [main] addGPUType is NVIDIA Tesla P100
2022-03-30 17:09:40,524 TRACE util.TestLogger [main] numberOfGpu is 1
2022-03-30 17:09:40,692 TRACE util.TestLogger [main] localSSD is 2x375
2022-03-30 17:09:40,885 TRACE util.TestLogger [main] Added to estimate.
2022-03-30 17:09:41,064 TRACE util.TestLogger [main] Clicked button to select send email.
2022-03-30 17:09:41,268 TRACE util.TestLogger [main] Compute Engine form filled
2022-03-30 17:09:41,311 TRACE websocketx.WebSocket08FrameEncoder [AsyncHttpClient-1-16] Encoding WebSocket Frame opCode=8 length=26
2022-03-30 17:09:49,626 TRACE util.TestLogger [main] Page https://cloud.google.com/ is opened
2022-03-30 17:09:49,817 TRACE util.TestLogger [main] Search with search query Google Cloud Pricing Calculatorwas executed.
2022-03-30 17:09:55,616 TRACE util.TestLogger [main] Page Google Cloud Pricing Calculator is opened
2022-03-30 17:09:55,820 TRACE util.TestLogger [main] Page with calculator is opened
2022-03-30 17:09:55,821 TRACE util.TestLogger [main] numberOfInstance is 4
2022-03-30 17:09:55,908 TRACE util.TestLogger [main] purposeOfUse is 
2022-03-30 17:09:55,985 TRACE util.TestLogger [main] operatingSystem is Free: Debian, CentOS, CoreOS, Ubuntu or BYOL (Bring Your Own License)
2022-03-30 17:09:56,638 TRACE util.TestLogger [main] virtualMachinesClass is Regular
2022-03-30 17:09:57,300 TRACE util.TestLogger [main] serie is N1
2022-03-30 17:09:57,992 TRACE util.TestLogger [main] machineType is n1-standard-8 (vCPUs: 8, RAM: 30GB)
2022-03-30 17:09:58,145 TRACE util.TestLogger [main] committedUsage is 1 Year
2022-03-30 17:09:58,328 TRACE util.TestLogger [main] datacenterLocation is Frankfurt (europe-west3)
2022-03-30 17:09:58,558 TRACE util.TestLogger [main] addGPUType is NVIDIA Tesla P100
2022-03-30 17:09:58,773 TRACE util.TestLogger [main] numberOfGpu is 1
2022-03-30 17:09:59,428 TRACE util.TestLogger [main] localSSD is 2x375
2022-03-30 17:10:00,080 TRACE util.TestLogger [main] Added to estimate.
2022-03-30 17:10:00,211 TRACE util.TestLogger [main] Clicked button to select send email.
2022-03-30 17:10:00,491 TRACE util.TestLogger [main] Compute Engine form filled
2022-03-30 17:10:00,544 TRACE websocketx.WebSocket08FrameEncoder [AsyncHttpClient-1-3] Encoding WebSocket Frame opCode=8 length=26
2022-03-30 17:10:06,814 TRACE util.TestLogger [main] Page https://cloud.google.com/ is opened
2022-03-30 17:10:07,156 TRACE util.TestLogger [main] Search with search query Google Cloud Pricing Calculatorwas executed.
2022-03-30 17:10:14,199 TRACE util.TestLogger [main] Page Google Cloud Pricing Calculator is opened
2022-03-30 17:10:14,566 TRACE util.TestLogger [main] Page with calculator is opened
2022-03-30 17:10:14,566 TRACE util.TestLogger [main] numberOfInstance is 4
2022-03-30 17:10:14,672 TRACE util.TestLogger [main] purposeOfUse is 
2022-03-30 17:10:14,755 TRACE util.TestLogger [main] operatingSystem is Free: Debian, CentOS, CoreOS, Ubuntu or BYOL (Bring Your Own License)
2022-03-30 17:10:14,976 TRACE util.TestLogger [main] virtualMachinesClass is Regular
2022-03-30 17:10:15,690 TRACE util.TestLogger [main] serie is N1
2022-03-30 17:10:15,898 TRACE util.TestLogger [main] machineType is n1-standard-8 (vCPUs: 8, RAM: 30GB)
2022-03-30 17:10:16,077 TRACE util.TestLogger [main] committedUsage is 1 Year
2022-03-30 17:10:16,795 TRACE util.TestLogger [main] datacenterLocation is Frankfurt (europe-west3)
2022-03-30 17:10:17,056 TRACE util.TestLogger [main] addGPUType is NVIDIA Tesla P100
2022-03-30 17:10:17,804 TRACE util.TestLogger [main] numberOfGpu is 1
2022-03-30 17:10:17,932 TRACE util.TestLogger [main] localSSD is 2x375
2022-03-30 17:10:18,100 TRACE util.TestLogger [main] Added to estimate.
2022-03-30 17:10:18,242 TRACE util.TestLogger [main] Clicked button to select send email.
2022-03-30 17:10:18,460 TRACE util.TestLogger [main] Compute Engine form filled
2022-03-30 17:10:18,493 TRACE websocketx.WebSocket08FrameEncoder [AsyncHttpClient-1-6] Encoding WebSocket Frame opCode=8 length=26
